<?xml version="1.0" encoding="UTF-8"?>
<!-- Generated by org.testng.reporters.JUnitReportReporter -->
<testsuite hostname="LAPTOP-UA71OPG8" failures="0" tests="1" name="testCases.MovieInfoValidation" time="12.613" errors="0" timestamp="2022-11-13T11:36:48 IST" skipped="0">
  <testcase classname="testCases.MovieInfoValidation" name="validateMovieInfo" time="12.613"/>
  <system-out/>
</testsuite> <!-- testCases.MovieInfoValidation -->
